<?xml version="1.0" encoding="UTF-8"?>
<!-- Generated by org.testng.reporters.JUnitReportReporter -->
<testsuite hostname="LAPTOP-OITAHU7F" failures="0" tests="6" name="testCases.HomePageTests" time="13.612" errors="0" timestamp="2023-03-06T08:35:48 IST" skipped="0">
  <testcase classname="testCases.HomePageTests" name="verifyPageTitleTest" time="2.894"/>
  <system-out/>
  <testcase classname="testCases.HomePageTests" name="verifyRegisterOptionIsDisplay" time="2.164"/>
  <system-out/>
  <testcase classname="testCases.HomePageTests" name="verifyIsMyaAccountDisplayed" time="2.147"/>
  <system-out/>
  <testcase classname="testCases.HomePageTests" name="verifySearchButtonIsDisplayed" time="1.775"/>
  <system-out/>
  <testcase classname="testCases.HomePageTests" name="verifyIsLoginOptionDisplay" time="1.911"/>
  <system-out/>
  <testcase classname="testCases.HomePageTests" name="verifySearchBoxIsDisplay" time="2.721"/>
  <system-out/>
</testsuite> <!-- testCases.HomePageTests -->
