<?xml version="1.0" encoding="UTF-8"?>
<!-- Generated by org.testng.reporters.JUnitReportReporter -->
<testsuite hostname="LAPTOP-OITAHU7F" failures="0" tests="12" name="testCases.LoginPageTests" time="63.701" errors="0" timestamp="2023-03-14T08:44:54 IST" skipped="0">
  <testcase classname="testCases.LoginPageTests" name="verifyContinueButton" time="4.437"/>
  <system-out/>
  <testcase classname="testCases.LoginPageTests" name="verifyLoginButtonExist" time="5.928"/>
  <system-out/>
  <testcase classname="testCases.LoginPageTests" name="verifypasswordTextBoxExist" time="4.960"/>
  <system-out/>
  <testcase classname="testCases.LoginPageTests" name="verifyLoginWithValidUsernameAndInvalidPassword" time="5.280"/>
  <system-out/>
  <testcase classname="testCases.LoginPageTests" name="verifyNewCustomerHeader" time="3.853"/>
  <system-out/>
  <testcase classname="testCases.LoginPageTests" name="verifyForgetPasswordLinkExist" time="9.662"/>
  <system-out/>
  <testcase classname="testCases.LoginPageTests" name="verifyReturningCustomerHeader" time="4.771"/>
  <system-out/>
  <testcase classname="testCases.LoginPageTests" name="verifyLoginPageTitleTest" time="5.814"/>
  <system-out/>
  <testcase classname="testCases.LoginPageTests" name="verifyEmailidLabel" time="4.404"/>
  <system-out/>
  <testcase classname="testCases.LoginPageTests" name="verifyPasswordLabel" time="6.466"/>
  <system-out/>
  <testcase classname="testCases.LoginPageTests" name="verifySuccesfulLoginWithValidUsernameAndValidPassword" time="4.269"/>
  <system-out/>
  <testcase classname="testCases.LoginPageTests" name="verifyUsernameTextBoxExist" time="3.857"/>
  <system-out/>
</testsuite> <!-- testCases.LoginPageTests -->
