<?xml version="1.0" encoding="UTF-8"?>
<!-- Generated by org.testng.reporters.JUnitReportReporter -->
<testsuite hostname="LAPTOP-OITAHU7F" failures="0" tests="6" name="testCases.HomePageTests" time="38.325" errors="0" timestamp="2023-03-14T08:44:54 IST" skipped="0">
  <testcase classname="testCases.HomePageTests" name="verifySearchButtonIsDisplayed" time="4.628"/>
  <system-out/>
  <testcase classname="testCases.HomePageTests" name="verifyIsLoginOptionDisplay" time="6.152"/>
  <system-out/>
  <testcase classname="testCases.HomePageTests" name="verifyRegisterOptionIsDisplay" time="6.642"/>
  <system-out/>
  <testcase classname="testCases.HomePageTests" name="verifyPageTitleTest" time="8.896"/>
  <system-out/>
  <testcase classname="testCases.HomePageTests" name="verifyIsMyaAccountDisplayed" time="7.092"/>
  <system-out/>
  <testcase classname="testCases.HomePageTests" name="verifySearchBoxIsDisplay" time="4.915"/>
  <system-out/>
</testsuite> <!-- testCases.HomePageTests -->
