<?xml version="1.0" encoding="UTF-8"?>
<!-- Generated by org.testng.reporters.JUnitReportReporter -->
<testsuite hostname="LAPTOP-OITAHU7F" failures="0" tests="6" name="testCases.RegisterPageTests" time="49.154" errors="0" timestamp="2023-03-14T08:44:54 IST" skipped="0">
  <testcase classname="testCases.RegisterPageTests" name="verifyRegisterPageTitle" time="6.556"/>
  <system-out/>
  <testcase classname="testCases.RegisterPageTests" name="verifyUserRegistration" time="10.211"/>
  <system-out/>
  <testcase classname="testCases.RegisterPageTests" name="verifyRegisterPageHeaderExist" time="10.195"/>
  <system-out/>
  <testcase classname="testCases.RegisterPageTests" name="verifyUserRegistration" time="8.775"/>
  <system-out/>
  <testcase classname="testCases.RegisterPageTests" name="verifyUserRegistration" time="8.583"/>
  <system-out/>
  <testcase classname="testCases.RegisterPageTests" name="verifyRegisterPageHeaderText" time="4.834"/>
  <system-out/>
</testsuite> <!-- testCases.RegisterPageTests -->
