<?xml version="1.0" encoding="UTF-8"?>
<!-- Generated by org.testng.reporters.JUnitReportReporter -->
<testsuite hostname="LAPTOP-OITAHU7F" failures="0" tests="1" name="testCases.LoginPageTests" time="4.411" errors="0" timestamp="2023-03-08T08:58:57 IST" skipped="0">
  <testcase classname="testCases.LoginPageTests" name="verifyLoginWithValidUsernameAndInvalidPassword" time="4.411"/>
  <system-out/>
</testsuite> <!-- testCases.LoginPageTests -->
